# JRE version: OpenJDK Runtime Environment Temurin-17.0.13+11 (17.0.13+11) (build 17.0.13+11)
# Java VM: OpenJDK 64-Bit Server VM Temurin-17.0.13+11 (17.0.13+11, mixed mode, sharing, tiered, compressed oops, compressed class ptrs, g1 gc, windows-amd64)
GC Precious Log:
 CPUs: 2 total, 2 available
 Memory: 3911M
 Large Page Support: Disabled
 NUMA Support: Disabled
 Compressed Oops: Enabled (32-bit)
 Heap Region Size: 1M
 Heap Min Capacity: 8M
 Heap Initial Capacity: 62M
 Heap Max Capacity: 978M
 Pre-touch: Disabled
 Parallel Workers: 2
 Concurrent Workers: 1
 Concurrent Refinement Workers: 2
 Periodic GC: Disabled
Heap:
 garbage-first heap   total 176128K, used 115075K [0x00000000c2e00000, 0x0000000100000000)
  region size 1024K, 13 young (13312K), 1 survivors (1024K)
 Metaspace       used 42075K, committed 42496K, reserved 1114112K
  class space    used 5140K, committed 5376K, reserved 1048576K
GC Heap History (20 events):
Event: 61.443 GC heap before
{Heap before GC invocations=29 (full 0):
 garbage-first heap   total 55296K, used 46314K [0x00000000c2e00000, 0x0000000100000000)
  region size 1024K, 26 young (26624K), 1 survivors (1024K)
 Metaspace       used 29936K, committed 30272K, reserved 1114112K
  class space    used 3359K, committed 3520K, reserved 1048576K
}
Event: 61.444 GC heap after
{Heap after GC invocations=30 (full 0):
 garbage-first heap   total 55296K, used 20718K [0x00000000c2e00000, 0x0000000100000000)
  region size 1024K, 1 young (1024K), 1 survivors (1024K)
 Metaspace       used 29936K, committed 30272K, reserved 1114112K
  class space    used 3359K, committed 3520K, reserved 1048576K
}
Event: 62.084 GC heap before
{Heap before GC invocations=30 (full 0):
 garbage-first heap   total 55296K, used 46318K [0x00000000c2e00000, 0x0000000100000000)
  region size 1024K, 26 young (26624K), 1 survivors (1024K)
 Metaspace       used 29936K, committed 30272K, reserved 1114112K
  class space    used 3359K, committed 3520K, reserved 1048576K
}
Event: 62.085 GC heap after
{Heap after GC invocations=31 (full 0):
 garbage-first heap   total 55296K, used 20730K [0x00000000c2e00000, 0x0000000100000000)
  region size 1024K, 1 young (1024K), 1 survivors (1024K)
 Metaspace       used 29936K, committed 30272K, reserved 1114112K
  class space    used 3359K, committed 3520K, reserved 1048576K
}
Event: 63.802 GC heap before
{Heap before GC invocations=31 (full 0):
 garbage-first heap   total 55296K, used 45306K [0x00000000c2e00000, 0x0000000100000000)
  region size 1024K, 26 young (26624K), 1 survivors (1024K)
 Metaspace       used 30717K, committed 31104K, reserved 1114112K
  class space    used 3447K, committed 3648K, reserved 1048576K
}
Event: 63.807 GC heap after
{Heap after GC invocations=32 (full 0):
 garbage-first heap   total 55296K, used 21695K [0x00000000c2e00000, 0x0000000100000000)
  region size 1024K, 2 young (2048K), 2 survivors (2048K)
 Metaspace       used 30717K, committed 31104K, reserved 1114112K
  class space    used 3447K, committed 3648K, reserved 1048576K
}
Event: 65.391 GC heap before
{Heap before GC invocations=32 (full 0):
 garbage-first heap   total 55296K, used 44223K [0x00000000c2e00000, 0x0000000100000000)
  region size 1024K, 25 young (25600K), 2 survivors (2048K)
 Metaspace       used 35197K, committed 35648K, reserved 1114112K
  class space    used 3963K, committed 4160K, reserved 1048576K
}
Event: 65.401 GC heap after
{Heap after GC invocations=33 (full 0):
 garbage-first heap   total 55296K, used 25289K [0x00000000c2e00000, 0x0000000100000000)
  region size 1024K, 4 young (4096K), 4 survivors (4096K)
 Metaspace       used 35197K, committed 35648K, reserved 1114112K
  class space    used 3963K, committed 4160K, reserved 1048576K
}
Event: 65.563 GC heap before
{Heap before GC invocations=33 (full 0):
 garbage-first heap   total 55296K, used 30409K [0x00000000c2e00000, 0x0000000100000000)
  region size 1024K, 10 young (10240K), 4 survivors (4096K)
 Metaspace       used 35558K, committed 35968K, reserved 1114112K
  class space    used 4002K, committed 4224K, reserved 1048576K
}
Event: 65.573 GC heap after
{Heap after GC invocations=34 (full 0):
 garbage-first heap   total 55296K, used 25596K [0x00000000c2e00000, 0x0000000100000000)
  region size 1024K, 2 young (2048K), 2 survivors (2048K)
 Metaspace       used 35558K, committed 35968K, reserved 1114112K
  class space    used 4002K, committed 4224K, reserved 1048576K
}
Event: 66.227 GC heap before
{Heap before GC invocations=35 (full 0):
 garbage-first heap   total 55296K, used 43004K [0x00000000c2e00000, 0x0000000100000000)
  region size 1024K, 19 young (19456K), 2 survivors (2048K)
 Metaspace       used 37890K, committed 38336K, reserved 1114112K
  class space    used 4602K, committed 4800K, reserved 1048576K
}
Event: 66.236 GC heap after
{Heap after GC invocations=36 (full 0):
 garbage-first heap   total 55296K, used 26359K [0x00000000c2e00000, 0x0000000100000000)
  region size 1024K, 2 young (2048K), 2 survivors (2048K)
 Metaspace       used 37890K, committed 38336K, reserved 1114112K
  class space    used 4602K, committed 4800K, reserved 1048576K
}
Event: 67.898 GC heap before
{Heap before GC invocations=36 (full 0):
 garbage-first heap   total 55296K, used 43767K [0x00000000c2e00000, 0x0000000100000000)
  region size 1024K, 19 young (19456K), 2 survivors (2048K)
 Metaspace       used 40082K, committed 40576K, reserved 1114112K
  class space    used 4887K, committed 5120K, reserved 1048576K
}
Event: 67.907 GC heap after
{Heap after GC invocations=37 (full 0):
 garbage-first heap   total 55296K, used 28062K [0x00000000c2e00000, 0x0000000100000000)
  region size 1024K, 3 young (3072K), 3 survivors (3072K)
 Metaspace       used 40082K, committed 40576K, reserved 1114112K
  class space    used 4887K, committed 5120K, reserved 1048576K
}
Event: 70.046 GC heap before
{Heap before GC invocations=37 (full 0):
 garbage-first heap   total 55296K, used 43422K [0x00000000c2e00000, 0x0000000100000000)
  region size 1024K, 18 young (18432K), 3 survivors (3072K)
 Metaspace       used 40180K, committed 40640K, reserved 1114112K
  class space    used 4887K, committed 5120K, reserved 1048576K
}
Event: 70.052 GC heap after
{Heap after GC invocations=38 (full 0):
 garbage-first heap   total 55296K, used 28347K [0x00000000c2e00000, 0x0000000100000000)
  region size 1024K, 1 young (1024K), 1 survivors (1024K)
 Metaspace       used 40180K, committed 40640K, reserved 1114112K
  class space    used 4887K, committed 5120K, reserved 1048576K
}
Event: 70.678 GC heap before
{Heap before GC invocations=39 (full 0):
 garbage-first heap   total 55296K, used 33467K [0x00000000c2e00000, 0x0000000100000000)
  region size 1024K, 7 young (7168K), 1 survivors (1024K)
 Metaspace       used 40244K, committed 40704K, reserved 1114112K
  class space    used 4900K, committed 5120K, reserved 1048576K
}
Event: 70.680 GC heap after
{Heap after GC invocations=40 (full 0):
 garbage-first heap   total 55296K, used 28009K [0x00000000c2e00000, 0x0000000100000000)
  region size 1024K, 1 young (1024K), 1 survivors (1024K)
 Metaspace       used 40244K, committed 40704K, reserved 1114112K
  class space    used 4900K, committed 5120K, reserved 1048576K
}
Event: 70.915 GC heap before
{Heap before GC invocations=41 (full 0):
 garbage-first heap   total 65536K, used 37225K [0x00000000c2e00000, 0x0000000100000000)
  region size 1024K, 2 young (2048K), 1 survivors (1024K)
 Metaspace       used 40290K, committed 40768K, reserved 1114112K
  class space    used 4909K, committed 5120K, reserved 1048576K
}
Event: 70.917 GC heap after
{Heap after GC invocations=42 (full 0):
 garbage-first heap   total 65536K, used 37251K [0x00000000c2e00000, 0x0000000100000000)
  region size 1024K, 1 young (1024K), 1 survivors (1024K)
 Metaspace       used 40290K, committed 40768K, reserved 1114112K
  class space    used 4909K, committed 5120K, reserved 1048576K
}

