# JRE version: OpenJDK Runtime Environment Temurin-17.0.13+11 (17.0.13+11) (build 17.0.13+11)
# Java VM: OpenJDK 64-Bit Server VM Temurin-17.0.13+11 (17.0.13+11, mixed mode, sharing, tiered, compressed oops, compressed class ptrs, g1 gc, windows-amd64)
GC Precious Log:
 CPUs: 2 total, 2 available
 Memory: 3911M
 Large Page Support: Disabled
 NUMA Support: Disabled
 Compressed Oops: Enabled (32-bit)
 Heap Region Size: 1M
 Heap Min Capacity: 8M
 Heap Initial Capacity: 62M
 Heap Max Capacity: 978M
 Pre-touch: Disabled
 Parallel Workers: 2
 Concurrent Workers: 1
 Concurrent Refinement Workers: 2
 Periodic GC: Disabled
Heap:
 garbage-first heap   total 55296K, used 30443K [0x00000000c2e00000, 0x0000000100000000)
  region size 1024K, 4 young (4096K), 2 survivors (2048K)
 Metaspace       used 41892K, committed 42432K, reserved 1114112K
  class space    used 5128K, committed 5376K, reserved 1048576K
GC Heap History (20 events):
Event: 46.337 GC heap before
{Heap before GC invocations=22 (full 0):
 garbage-first heap   total 55296K, used 46783K [0x00000000c2e00000, 0x0000000100000000)
  region size 1024K, 27 young (27648K), 1 survivors (1024K)
 Metaspace       used 29406K, committed 29760K, reserved 1114112K
  class space    used 3323K, committed 3520K, reserved 1048576K
}
Event: 46.339 GC heap after
{Heap after GC invocations=23 (full 0):
 garbage-first heap   total 55296K, used 20157K [0x00000000c2e00000, 0x0000000100000000)
  region size 1024K, 1 young (1024K), 1 survivors (1024K)
 Metaspace       used 29406K, committed 29760K, reserved 1114112K
  class space    used 3323K, committed 3520K, reserved 1048576K
}
Event: 48.389 GC heap before
{Heap before GC invocations=23 (full 0):
 garbage-first heap   total 55296K, used 46781K [0x00000000c2e00000, 0x0000000100000000)
  region size 1024K, 27 young (27648K), 1 survivors (1024K)
 Metaspace       used 29406K, committed 29760K, reserved 1114112K
  class space    used 3323K, committed 3520K, reserved 1048576K
}
Event: 48.391 GC heap after
{Heap after GC invocations=24 (full 0):
 garbage-first heap   total 55296K, used 20156K [0x00000000c2e00000, 0x0000000100000000)
  region size 1024K, 1 young (1024K), 1 survivors (1024K)
 Metaspace       used 29406K, committed 29760K, reserved 1114112K
  class space    used 3323K, committed 3520K, reserved 1048576K
}
Event: 50.565 GC heap before
{Heap before GC invocations=24 (full 0):
 garbage-first heap   total 55296K, used 46780K [0x00000000c2e00000, 0x0000000100000000)
  region size 1024K, 27 young (27648K), 1 survivors (1024K)
 Metaspace       used 29406K, committed 29760K, reserved 1114112K
  class space    used 3323K, committed 3520K, reserved 1048576K
}
Event: 50.567 GC heap after
{Heap after GC invocations=25 (full 0):
 garbage-first heap   total 55296K, used 20174K [0x00000000c2e00000, 0x0000000100000000)
  region size 1024K, 1 young (1024K), 1 survivors (1024K)
 Metaspace       used 29406K, committed 29760K, reserved 1114112K
  class space    used 3323K, committed 3520K, reserved 1048576K
}
Event: 52.725 GC heap before
{Heap before GC invocations=25 (full 0):
 garbage-first heap   total 55296K, used 46798K [0x00000000c2e00000, 0x0000000100000000)
  region size 1024K, 27 young (27648K), 1 survivors (1024K)
 Metaspace       used 29406K, committed 29760K, reserved 1114112K
  class space    used 3323K, committed 3520K, reserved 1048576K
}
Event: 52.726 GC heap after
{Heap after GC invocations=26 (full 0):
 garbage-first heap   total 55296K, used 20164K [0x00000000c2e00000, 0x0000000100000000)
  region size 1024K, 1 young (1024K), 1 survivors (1024K)
 Metaspace       used 29406K, committed 29760K, reserved 1114112K
  class space    used 3323K, committed 3520K, reserved 1048576K
}
Event: 54.449 GC heap before
{Heap before GC invocations=26 (full 0):
 garbage-first heap   total 55296K, used 45764K [0x00000000c2e00000, 0x0000000100000000)
  region size 1024K, 27 young (27648K), 1 survivors (1024K)
 Metaspace       used 34449K, committed 34816K, reserved 1114112K
  class space    used 3891K, committed 4096K, reserved 1048576K
}
Event: 54.465 GC heap after
{Heap after GC invocations=27 (full 0):
 garbage-first heap   total 55296K, used 22512K [0x00000000c2e00000, 0x0000000100000000)
  region size 1024K, 3 young (3072K), 3 survivors (3072K)
 Metaspace       used 34449K, committed 34816K, reserved 1114112K
  class space    used 3891K, committed 4096K, reserved 1048576K
}
Event: 54.983 GC heap before
{Heap before GC invocations=27 (full 0):
 garbage-first heap   total 55296K, used 37872K [0x00000000c2e00000, 0x0000000100000000)
  region size 1024K, 19 young (19456K), 3 survivors (3072K)
 Metaspace       used 35624K, committed 35968K, reserved 1114112K
  class space    used 4025K, committed 4224K, reserved 1048576K
}
Event: 54.991 GC heap after
{Heap after GC invocations=28 (full 0):
 garbage-first heap   total 55296K, used 24462K [0x00000000c2e00000, 0x0000000100000000)
  region size 1024K, 2 young (2048K), 2 survivors (2048K)
 Metaspace       used 35624K, committed 35968K, reserved 1114112K
  class space    used 4025K, committed 4224K, reserved 1048576K
}
Event: 55.829 GC heap before
{Heap before GC invocations=29 (full 0):
 garbage-first heap   total 55296K, used 43918K [0x00000000c2e00000, 0x0000000100000000)
  region size 1024K, 21 young (21504K), 2 survivors (2048K)
 Metaspace       used 37798K, committed 38272K, reserved 1114112K
  class space    used 4638K, committed 4864K, reserved 1048576K
}
Event: 55.837 GC heap after
{Heap after GC invocations=30 (full 0):
 garbage-first heap   total 55296K, used 26258K [0x00000000c2e00000, 0x0000000100000000)
  region size 1024K, 2 young (2048K), 2 survivors (2048K)
 Metaspace       used 37798K, committed 38272K, reserved 1114112K
  class space    used 4638K, committed 4864K, reserved 1048576K
}
Event: 58.523 GC heap before
{Heap before GC invocations=30 (full 0):
 garbage-first heap   total 55296K, used 44690K [0x00000000c2e00000, 0x0000000100000000)
  region size 1024K, 20 young (20480K), 2 survivors (2048K)
 Metaspace       used 39976K, committed 40384K, reserved 1114112K
  class space    used 4883K, committed 5056K, reserved 1048576K
}
Event: 58.530 GC heap after
{Heap after GC invocations=31 (full 0):
 garbage-first heap   total 55296K, used 27279K [0x00000000c2e00000, 0x0000000100000000)
  region size 1024K, 1 young (1024K), 1 survivors (1024K)
 Metaspace       used 39976K, committed 40384K, reserved 1114112K
  class space    used 4883K, committed 5056K, reserved 1048576K
}
Event: 65.215 GC heap before
{Heap before GC invocations=31 (full 0):
 garbage-first heap   total 55296K, used 44687K [0x00000000c2e00000, 0x0000000100000000)
  region size 1024K, 18 young (18432K), 1 survivors (1024K)
 Metaspace       used 40754K, committed 41216K, reserved 1114112K
  class space    used 4978K, committed 5184K, reserved 1048576K
}
Event: 65.219 GC heap after
{Heap after GC invocations=32 (full 0):
 garbage-first heap   total 55296K, used 27378K [0x00000000c2e00000, 0x0000000100000000)
  region size 1024K, 1 young (1024K), 1 survivors (1024K)
 Metaspace       used 40754K, committed 41216K, reserved 1114112K
  class space    used 4978K, committed 5184K, reserved 1048576K
}
Event: 77.192 GC heap before
{Heap before GC invocations=33 (full 0):
 garbage-first heap   total 55296K, used 37618K [0x00000000c2e00000, 0x0000000100000000)
  region size 1024K, 13 young (13312K), 1 survivors (1024K)
 Metaspace       used 41815K, committed 42304K, reserved 1114112K
  class space    used 5120K, committed 5376K, reserved 1048576K
}
Event: 77.198 GC heap after
{Heap after GC invocations=34 (full 0):
 garbage-first heap   total 55296K, used 28395K [0x00000000c2e00000, 0x0000000100000000)
  region size 1024K, 2 young (2048K), 2 survivors (2048K)
 Metaspace       used 41815K, committed 42304K, reserved 1114112K
  class space    used 5120K, committed 5376K, reserved 1048576K
}

